INFO:__main__:Started
INFO:__main__:Finished
INFO:__main__:Started
INFO:__main__:Finished
INFO:__main__:Started
INFO:__main__:Finished
INFO:__main__:Started
INFO:__main__:Finished
INFO:__main__:Started
INFO:__main__:Finished
INFO:__main__:Started
INFO:__main__:Finished
INFO:__main__:Started
INFO:__main__:Finished
INFO:__main__:Started
INFO:__main__:Finished
INFO:__main__:Started
INFO:__main__:Finished
INFO:__main__:Started
INFO:__main__:Finished
INFO:__main__:Started
INFO:__main__:Finished
INFO:__main__:Started
INFO:__main__:Finished
INFO:__main__:Started
INFO:__main__:Finished
INFO:__main__:Started
INFO:__main__:Finished
INFO:__main__:Started
INFO:__main__:Finished
INFO:__main__:Started
INFO:__main__:Finished
INFO:__main__:Started
INFO:__main__:Finished
INFO:__main__:Started
INFO:__main__:Finished
INFO:__main__:Started
INFO:__main__:Finished
INFO:__main__:Started
INFO:__main__:Finished
INFO:__main__:Started
INFO:__main__:Finished
INFO:__main__:Started
INFO:__main__:Finished
INFO:__main__:Started
INFO:__main__:Finished
INFO:__main__:Started
INFO:__main__:Finished
INFO:__main__:Started
INFO:__main__:Finished
INFO:__main__:Started
INFO:__main__:Finished
INFO:__main__:Started
INFO:__main__:Finished
INFO:__main__:Started
INFO:__main__:Finished
INFO:__main__:Started
INFO:__main__:Finished
INFO:__main__:Started
INFO:__main__:Finished
INFO:__main__:Started
INFO:__main__:Finished
INFO:__main__:Started
INFO:__main__:Finished
INFO:__main__:Started
INFO:__main__:Finished
INFO:__main__:Started
INFO:__main__:Finished
INFO:__main__:Started
INFO:__main__:Finished
INFO:__main__:Started
INFO:__main__:Finished
INFO:__main__:Started
INFO:__main__:Finished
INFO:__main__:Started
INFO:__main__:Finished
INFO:__main__:Started
INFO:__main__:Finished
INFO:__main__:Started
INFO:__main__:Finished
INFO:__main__:Started
INFO:__main__:Finished
INFO:__main__:Started
INFO:__main__:Finished
INFO:__main__:Started
INFO:__main__:Finished
INFO:__main__:Started.
INFO:__main__:Code is running.
WARNING:__main__:Warning message.
ERROR:__main__:Error message.
CRITICAL:__main__:Critical message.
INFO:__main__:Finished.
INFO:__main__:Started.
INFO:__main__:Code is running.
WARNING:__main__:Warning message.
ERROR:__main__:Error message.
CRITICAL:__main__:Critical message.
INFO:__main__:Finished.
INFO:__main__:Started.
INFO:__main__:Code is running.
WARNING:__main__:Warning message.
ERROR:__main__:Error message.
CRITICAL:__main__:Critical message.
INFO:__main__:Finished.
INFO:__main__:Started.
INFO:__main__:Code is running.
WARNING:__main__:Warning message.
ERROR:__main__:Error message.
CRITICAL:__main__:Critical message.
INFO:__main__:Finished.
INFO:__main__:Started.
INFO:__main__:Code is running.
WARNING:__main__:Warning message.
ERROR:__main__:Error message.
CRITICAL:__main__:Critical message.
INFO:__main__:Finished.
INFO:__main__:Started.
INFO:__main__:Code is running.
WARNING:__main__:Warning message.
ERROR:__main__:Error message.
CRITICAL:__main__:Critical message.
INFO:__main__:Finished.
INFO:__main__:Started.
INFO:__main__:Code is running.
WARNING:__main__:Warning message.
ERROR:__main__:Error message.
CRITICAL:__main__:Critical message.
INFO:__main__:Finished.
INFO:__main__:Started.
INFO:__main__:Code is running.
WARNING:__main__:Warning message.
ERROR:__main__:Error message.
CRITICAL:__main__:Critical message.
INFO:__main__:Finished.
INFO:__main__:Started.
INFO:__main__:Code is running.
WARNING:__main__:Warning message.
ERROR:__main__:Error message.
CRITICAL:__main__:Critical message.
INFO:__main__:Finished.
INFO:__main__:Started.
INFO:__main__:Code is running.
WARNING:__main__:Warning message.
ERROR:__main__:Error message.
CRITICAL:__main__:Critical message.
INFO:__main__:Finished.
INFO:__main__:Started.
INFO:__main__:Code is running.
WARNING:__main__:Warning message.
ERROR:__main__:Error message.
CRITICAL:__main__:Critical message.
INFO:__main__:Finished.
INFO:__main__:Started.
INFO:__main__:Code is running.
WARNING:__main__:Warning message.
ERROR:__main__:Error message.
CRITICAL:__main__:Critical message.
INFO:__main__:Finished.
INFO:__main__:Started.
INFO:__main__:Code is running.
WARNING:__main__:Warning message.
ERROR:__main__:Error message.
CRITICAL:__main__:Critical message.
INFO:__main__:Finished.
INFO:__main__:Started.
INFO:__main__:Code is running.
WARNING:__main__:Warning message.
ERROR:__main__:Error message.
CRITICAL:__main__:Critical message.
INFO:__main__:Finished.
INFO:__main__:Started.
INFO:__main__:Code is running.
WARNING:__main__:Warning message.
ERROR:__main__:Error message.
CRITICAL:__main__:Critical message.
INFO:__main__:Finished.
INFO:__main__:Started.
INFO:__main__:Code is running.
WARNING:__main__:Warning message.
ERROR:__main__:Error message.
CRITICAL:__main__:Critical message.
INFO:__main__:Finished.
INFO:__main__:Started.
INFO:__main__:Code is running.
WARNING:__main__:Warning message.
ERROR:__main__:Error message.
CRITICAL:__main__:Critical message.
INFO:__main__:Finished.
INFO:__main__:Started.
INFO:__main__:Code is running.
WARNING:__main__:Warning message.
ERROR:__main__:Error message.
CRITICAL:__main__:Critical message.
INFO:__main__:Finished.
INFO:__main__:Started.
INFO:__main__:Code is running.
WARNING:__main__:Warning message.
ERROR:__main__:Error message.
CRITICAL:__main__:Critical message.
INFO:__main__:Finished.
INFO:__main__:Started.
INFO:__main__:Code is running.
WARNING:__main__:Warning message.
ERROR:__main__:Error message.
CRITICAL:__main__:Critical message.
INFO:__main__:Finished.
INFO:__main__:Started.
INFO:__main__:Code is running.
WARNING:__main__:Warning message.
ERROR:__main__:Error message.
CRITICAL:__main__:Critical message.
INFO:__main__:Finished.
INFO:__main__:Started.
INFO:__main__:Code is running.
WARNING:__main__:Warning message.
ERROR:__main__:Error message.
CRITICAL:__main__:Critical message.
INFO:__main__:Finished.
INFO:__main__:Started.
INFO:__main__:Code is running.
WARNING:__main__:Warning message.
ERROR:__main__:Error message.
CRITICAL:__main__:Critical message.
INFO:__main__:Finished.
INFO:__main__:Started.
INFO:__main__:Code is running.
WARNING:__main__:Warning message.
ERROR:__main__:Error message.
CRITICAL:__main__:Critical message.
INFO:__main__:Finished.
INFO:__main__:Started.
INFO:__main__:Code is running.
WARNING:__main__:Warning message.
ERROR:__main__:Error message.
CRITICAL:__main__:Critical message.
INFO:__main__:Finished.
INFO:__main__:Started.
INFO:__main__:Code is running.
WARNING:__main__:Warning message.
ERROR:__main__:Error message.
CRITICAL:__main__:Critical message.
INFO:__main__:Finished.
INFO:__main__:Started.
INFO:__main__:Code is running.
WARNING:__main__:Warning message.
ERROR:__main__:Error message.
CRITICAL:__main__:Critical message.
INFO:__main__:Finished.
INFO:__main__:Started.
INFO:__main__:Code is running.
WARNING:__main__:Warning message.
ERROR:__main__:Error message.
CRITICAL:__main__:Critical message.
INFO:__main__:Finished.
INFO:__main__:Started.
INFO:__main__:Code is running.
WARNING:__main__:Warning message.
ERROR:__main__:Error message.
CRITICAL:__main__:Critical message.
INFO:__main__:Finished.
INFO:__main__:Started.
INFO:__main__:Code is running.
WARNING:__main__:Warning message.
ERROR:__main__:Error message.
CRITICAL:__main__:Critical message.
INFO:__main__:Finished.
INFO:__main__:Started.
INFO:__main__:Code is running.
WARNING:__main__:Warning message.
ERROR:__main__:Error message.
CRITICAL:__main__:Critical message.
INFO:__main__:Finished.
INFO:__main__:Started.
INFO:__main__:Code is running.
WARNING:__main__:Warning message.
ERROR:__main__:Error message.
CRITICAL:__main__:Critical message.
INFO:__main__:Finished.
